<?xml version="1.0" encoding="UTF-8"?>
<testsuite name="TicTacToeTest" tests="1" skipped="0" failures="0" errors="0" timestamp="2022-10-24T08:31:29" hostname="pop-os" time="0.004">
  <properties/>
  <testcase name="secondDiagonalWinTest" classname="TicTacToeTest" time="0.004"/>
  <system-out><![CDATA[]]></system-out>
  <system-err><![CDATA[]]></system-err>
</testsuite>
