<?xml version="1.0" encoding="UTF-8"?>
<testsuite name="LockerTest" tests="3" skipped="0" failures="0" errors="0" timestamp="2022-10-14T08:02:03" hostname="pop-os" time="0.004">
  <properties/>
  <testcase name="unsuccessfulUnlockTest" classname="LockerTest" time="0.003"/>
  <testcase name="successfulUnlockTest" classname="LockerTest" time="0.0"/>
  <testcase name="lockTest" classname="LockerTest" time="0.0"/>
  <system-out><![CDATA[]]></system-out>
  <system-err><![CDATA[]]></system-err>
</testsuite>
