<?xml version="1.0" encoding="UTF-8"?>
<testsuite name="StudentTest" tests="3" skipped="0" failures="0" errors="0" timestamp="2022-10-10T15:17:44" hostname="pop-os" time="0.008">
  <properties/>
  <testcase name="testDoubleExam" classname="StudentTest" time="0.004"/>
  <testcase name="testSingleExam" classname="StudentTest" time="0.0"/>
  <testcase name="testStudent" classname="StudentTest" time="0.0"/>
  <system-out><![CDATA[]]></system-out>
  <system-err><![CDATA[]]></system-err>
</testsuite>
