<?xml version="1.0" encoding="UTF-8"?>
<testsuite name="InputCheckerTest" tests="3" skipped="0" failures="0" errors="0" timestamp="2022-10-14T07:28:03" hostname="pop-os" time="0.004">
  <properties/>
  <testcase name="NoTest" classname="InputCheckerTest" time="0.002"/>
  <testcase name="YesTest" classname="InputCheckerTest" time="0.0"/>
  <testcase name="DefaultTest" classname="InputCheckerTest" time="0.0"/>
  <system-out><![CDATA[]]></system-out>
  <system-err><![CDATA[]]></system-err>
</testsuite>
