<?xml version="1.0" encoding="UTF-8"?>
<testsuite name="BankTest" tests="4" skipped="0" failures="0" errors="0" timestamp="2022-10-24T08:24:00" hostname="pop-os" time="0.007">
  <properties/>
  <testcase name="transferTest" classname="BankTest" time="0.003"/>
  <testcase name="findAccountTest" classname="BankTest" time="0.001"/>
  <testcase name="depositTest" classname="BankTest" time="0.0"/>
  <testcase name="withdrawTest" classname="BankTest" time="0.0"/>
  <system-out><![CDATA[]]></system-out>
  <system-err><![CDATA[]]></system-err>
</testsuite>
